<?xml version="1.0" encoding="UTF-8"?>
<robot generator="Robot 5.0.1 (Python 3.10.5 on win32)" generated="20221201 09:34:39.898" rpa="false" schemaversion="3">
<suite id="s1" name="Cermati" source="C:\Users\Aditya\OneDrive\Documents\robot\cermati\Cermati.robot">
<test id="s1-t1" name="cermati Registration Flow" line="66">
<kw name="Open page">
<kw name="Open Browser" library="Selenium2Library">
<arg>${SiteUrl}</arg>
<arg>${Browser}</arg>
<doc>Opens a new browser instance to the optional ``url``.</doc>
<msg timestamp="20221201 09:34:40.135" level="INFO">Opening browser 'Chrome' to base url 'https://www.cermati.com/gabung'.</msg>
<status status="PASS" starttime="20221201 09:34:40.135" endtime="20221201 09:34:42.207"/>
</kw>
<kw name="Maximize Browser Window" library="Selenium2Library">
<doc>Maximizes current browser window.</doc>
<status status="PASS" starttime="20221201 09:34:42.207" endtime="20221201 09:34:42.349"/>
</kw>
<kw name="Sleep" library="BuiltIn">
<arg>2s</arg>
<doc>Pauses the test executed for the given time.</doc>
<msg timestamp="20221201 09:34:44.360" level="INFO">Slept 2 seconds</msg>
<status status="PASS" starttime="20221201 09:34:42.349" endtime="20221201 09:34:44.360"/>
</kw>
<status status="PASS" starttime="20221201 09:34:40.135" endtime="20221201 09:34:44.360"/>
</kw>
<kw name="Fill email">
<kw name="Input Text" library="Selenium2Library">
<arg>id=${Email}</arg>
<arg>testing@gmail.com</arg>
<doc>Types the given ``text`` into the text field identified by ``locator``.</doc>
<msg timestamp="20221201 09:34:44.361" level="INFO">Typing text 'testing@gmail.com' into text field 'id=email'.</msg>
<status status="PASS" starttime="20221201 09:34:44.361" endtime="20221201 09:34:44.482"/>
</kw>
<kw name="Sleep" library="BuiltIn">
<arg>1s</arg>
<doc>Pauses the test executed for the given time.</doc>
<msg timestamp="20221201 09:34:45.490" level="INFO">Slept 1 second</msg>
<status status="PASS" starttime="20221201 09:34:44.482" endtime="20221201 09:34:45.490"/>
</kw>
<status status="PASS" starttime="20221201 09:34:44.361" endtime="20221201 09:34:45.490"/>
</kw>
<kw name="Fill phone number">
<kw name="Input Text" library="Selenium2Library">
<arg>id=${PhoneNumber}</arg>
<arg>085774460445</arg>
<doc>Types the given ``text`` into the text field identified by ``locator``.</doc>
<msg timestamp="20221201 09:34:45.492" level="INFO">Typing text '085774460445' into text field 'id=mobilePhone'.</msg>
<status status="PASS" starttime="20221201 09:34:45.491" endtime="20221201 09:34:45.634"/>
</kw>
<kw name="Sleep" library="BuiltIn">
<arg>1s</arg>
<doc>Pauses the test executed for the given time.</doc>
<msg timestamp="20221201 09:34:46.637" level="INFO">Slept 1 second</msg>
<status status="PASS" starttime="20221201 09:34:45.635" endtime="20221201 09:34:46.637"/>
</kw>
<status status="PASS" starttime="20221201 09:34:45.491" endtime="20221201 09:34:46.637"/>
</kw>
<kw name="Fill password">
<kw name="Input Password" library="Selenium2Library">
<arg>id=${Password}</arg>
<arg>Testing1234$$$</arg>
<doc>Types the given password into the text field identified by ``locator``.</doc>
<msg timestamp="20221201 09:34:46.638" level="INFO">Typing password into text field 'id=password'.</msg>
<msg timestamp="20221201 09:34:46.669" level="INFO">Temporally setting log level to: NONE</msg>
<msg timestamp="20221201 09:34:46.741" level="INFO">Log level changed from NONE to INFO.</msg>
<status status="PASS" starttime="20221201 09:34:46.638" endtime="20221201 09:34:46.741"/>
</kw>
<kw name="Sleep" library="BuiltIn">
<arg>1s</arg>
<doc>Pauses the test executed for the given time.</doc>
<msg timestamp="20221201 09:34:47.755" level="INFO">Slept 1 second</msg>
<status status="PASS" starttime="20221201 09:34:46.741" endtime="20221201 09:34:47.755"/>
</kw>
<status status="PASS" starttime="20221201 09:34:46.637" endtime="20221201 09:34:47.755"/>
</kw>
<kw name="Fill confirm password">
<kw name="Input Password" library="Selenium2Library">
<arg>id=${ConfirmPassword}</arg>
<arg>Testing1234$$$</arg>
<doc>Types the given password into the text field identified by ``locator``.</doc>
<msg timestamp="20221201 09:34:47.756" level="INFO">Typing password into text field 'id=confirmPassword'.</msg>
<msg timestamp="20221201 09:34:47.785" level="INFO">Temporally setting log level to: NONE</msg>
<msg timestamp="20221201 09:34:47.851" level="INFO">Log level changed from NONE to INFO.</msg>
<status status="PASS" starttime="20221201 09:34:47.756" endtime="20221201 09:34:47.851"/>
</kw>
<kw name="Sleep" library="BuiltIn">
<arg>1s</arg>
<doc>Pauses the test executed for the given time.</doc>
<msg timestamp="20221201 09:34:48.855" level="INFO">Slept 1 second</msg>
<status status="PASS" starttime="20221201 09:34:47.851" endtime="20221201 09:34:48.855"/>
</kw>
<status status="PASS" starttime="20221201 09:34:47.756" endtime="20221201 09:34:48.855"/>
</kw>
<kw name="Fill first name">
<kw name="Input Text" library="Selenium2Library">
<arg>id=${FirstName}</arg>
<arg>Testing</arg>
<doc>Types the given ``text`` into the text field identified by ``locator``.</doc>
<msg timestamp="20221201 09:34:48.856" level="INFO">Typing text 'Testing' into text field 'id=firstName'.</msg>
<status status="PASS" starttime="20221201 09:34:48.856" endtime="20221201 09:34:48.941"/>
</kw>
<kw name="Sleep" library="BuiltIn">
<arg>1s</arg>
<doc>Pauses the test executed for the given time.</doc>
<msg timestamp="20221201 09:34:49.943" level="INFO">Slept 1 second</msg>
<status status="PASS" starttime="20221201 09:34:48.941" endtime="20221201 09:34:49.943"/>
</kw>
<status status="PASS" starttime="20221201 09:34:48.856" endtime="20221201 09:34:49.943"/>
</kw>
<kw name="Fill last name">
<kw name="Input Text" library="Selenium2Library">
<arg>id=${LastName}</arg>
<arg>Account</arg>
<doc>Types the given ``text`` into the text field identified by ``locator``.</doc>
<msg timestamp="20221201 09:34:49.944" level="INFO">Typing text 'Account' into text field 'id=lastName'.</msg>
<status status="PASS" starttime="20221201 09:34:49.944" endtime="20221201 09:34:50.021"/>
</kw>
<kw name="Sleep" library="BuiltIn">
<arg>1s</arg>
<doc>Pauses the test executed for the given time.</doc>
<msg timestamp="20221201 09:34:51.029" level="INFO">Slept 1 second</msg>
<status status="PASS" starttime="20221201 09:34:50.021" endtime="20221201 09:34:51.029"/>
</kw>
<status status="PASS" starttime="20221201 09:34:49.943" endtime="20221201 09:34:51.029"/>
</kw>
<kw name="Fill city">
<kw name="Input Text" library="Selenium2Library">
<arg>id=${City}</arg>
<arg>Jakarta</arg>
<doc>Types the given ``text`` into the text field identified by ``locator``.</doc>
<msg timestamp="20221201 09:34:51.030" level="INFO">Typing text 'Jakarta' into text field 'id=cityAndProvince'.</msg>
<status status="PASS" starttime="20221201 09:34:51.029" endtime="20221201 09:34:51.113"/>
</kw>
<kw name="Sleep" library="BuiltIn">
<arg>2s</arg>
<doc>Pauses the test executed for the given time.</doc>
<msg timestamp="20221201 09:34:53.123" level="INFO">Slept 2 seconds</msg>
<status status="PASS" starttime="20221201 09:34:51.114" endtime="20221201 09:34:53.123"/>
</kw>
<status status="PASS" starttime="20221201 09:34:51.029" endtime="20221201 09:34:53.123"/>
</kw>
<kw name="Click city option">
<kw name="Click Element" library="Selenium2Library">
<arg>${CityOption}</arg>
<doc>Click the element identified by ``locator``.</doc>
<msg timestamp="20221201 09:34:53.124" level="INFO">Clicking element '//div[6]/div[2]/div/button'.</msg>
<status status="PASS" starttime="20221201 09:34:53.124" endtime="20221201 09:34:53.165"/>
</kw>
<status status="PASS" starttime="20221201 09:34:53.123" endtime="20221201 09:34:53.165"/>
</kw>
<kw name="Click Submit">
<kw name="Click Element" library="Selenium2Library">
<arg>${SubmitButton}</arg>
<doc>Click the element identified by ``locator``.</doc>
<msg timestamp="20221201 09:34:53.166" level="INFO">Clicking element '//div[@id='safe-area']/div[2]/div[2]/div/button/p'.</msg>
<status status="PASS" starttime="20221201 09:34:53.166" endtime="20221201 09:34:53.214"/>
</kw>
<status status="PASS" starttime="20221201 09:34:53.165" endtime="20221201 09:34:53.214"/>
</kw>
<status status="PASS" starttime="20221201 09:34:40.134" endtime="20221201 09:34:53.214"/>
</test>
<doc>Cermati Register Flow</doc>
<status status="PASS" starttime="20221201 09:34:39.900" endtime="20221201 09:34:53.216"/>
</suite>
<statistics>
<total>
<stat pass="1" fail="0" skip="0">All Tests</stat>
</total>
<tag>
</tag>
<suite>
<stat pass="1" fail="0" skip="0" id="s1" name="Cermati">Cermati</stat>
</suite>
</statistics>
<errors>
</errors>
</robot>
